
Aug 28 22:22 [comb_PNc2_M2.fits[*,406:442]]: PNc2_M2
    center      cont      flux       eqw      core     gfwhm     lfwhm
  5008.515 9.218E-17 1.076E-13    -1167. 1.490E-14     6.784        0.
    5412.9 5.670E-17 8.879E-16    -15.66 8.050E-17     10.36        0.
  5577.156 8.119E-17 9.714E-16    -11.96 8.853E-17     10.31        0.
  5876.576 1.057E-16 1.900E-15    -17.98 2.236E-16     7.983        0.
  6300.863 1.057E-16 4.580E-15    -43.33 5.399E-16     7.969        0.
  6363.957 1.057E-16 1.970E-15    -18.64 1.944E-16     9.519        0.
  6548.871 1.765E-16 2.556E-14    -144.8 2.679E-15     8.961        0.
  6563.188 -1.16E-18 8.406E-14     INDEF 1.041E-14     7.585        0.
  6583.837 -1.36E-17 7.128E-14     INDEF 8.649E-15     7.742        0.
  6678.625 3.220E-17 8.328E-15    -258.6 2.025E-16     38.63        0.
  6716.889 3.220E-17 9.012E-15    -279.9 9.595E-16     8.824        0.
  6731.314 5.195E-17 9.306E-15    -179.1 1.029E-15       8.5        0.
  7066.169 1.057E-16 3.060E-15    -28.95 1.556E-16     18.47        0.
  7136.309 1.302E-16 8.661E-15    -66.53 1.044E-15     7.791        0.
  7326.618 1.267E-16 1.058E-14    -83.54 3.570E-16     27.84        0.
  7326.906 1.222E-16 7.543E-15    -61.74 4.864E-16     14.57        0.
  7751.861 1.659E-16 2.827E-15    -17.05 3.233E-16     8.216        0.
  8237.982 1.898E-16 1.088E-15    -5.732 1.376E-16     7.429        0.
